This file contains any messages produced by compilers while
running configure, to aid debugging if configure makes a mistake.

It was created by sqlite configure 3.23.1, which was
generated by GNU Autoconf 2.69.  Invocation command line was

  $ ./configure --prefix=/usr/local

## --------- ##
## Platform. ##
## --------- ##

hostname = Tohirs-MacBook-Pro.local
uname -m = x86_64
uname -r = 16.7.0
uname -s = Darwin
uname -v = Darwin Kernel Version 16.7.0: Thu Jan 11 22:59:40 PST 2018; root:xnu-3789.73.8~1/RELEASE_X86_64

/usr/bin/uname -p = i386
/bin/uname -X     = unknown

/bin/arch              = unknown
/usr/bin/arch -k       = unknown
/usr/convex/getsysinfo = unknown
/usr/bin/hostinfo      = Mach kernel version:
	 Darwin Kernel Version 16.7.0: Thu Jan 11 22:59:40 PST 2018; root:xnu-3789.73.8~1/RELEASE_X86_64
Kernel configured for up to 4 processors.
2 processors are physically available.
4 processors are logically available.
Processor type: x86_64h (Intel x86-64h Haswell)
Processors active: 0 1 2 3
Primary memory available: 8.00 gigabytes
Default processor set: 375 tasks, 1884 threads, 4 processors
Load average: 2.03, Mach factor: 1.96
/bin/machine           = unknown
/usr/bin/oslevel       = unknown
/bin/universe          = unknown

PATH: /usr/local/php5/bin
PATH: /Users/tohir/.composer/vendor/bin
PATH: ~/.composer/vendor/bin
PATH: /Library/Frameworks/Python.framework/Versions/3.5/bin
PATH: /usr/local/bin
PATH: /usr/bin
PATH: /bin
PATH: /usr/sbin
PATH: /sbin
PATH: /Users/tohir/bin


## ----------- ##
## Core tests. ##
## ----------- ##

configure:2337: checking for a BSD-compatible install
configure:2405: result: /usr/bin/install -c
configure:2416: checking whether build environment is sane
configure:2471: result: yes
configure:2622: checking for a thread-safe mkdir -p
configure:2661: result: ./install-sh -c -d
configure:2668: checking for gawk
configure:2698: result: no
configure:2668: checking for mawk
configure:2698: result: no
configure:2668: checking for nawk
configure:2698: result: no
configure:2668: checking for awk
configure:2684: found /usr/bin/awk
configure:2695: result: awk
configure:2706: checking whether make sets $(MAKE)
configure:2728: result: yes
configure:2757: checking whether make supports nested variables
configure:2774: result: yes
configure:2913: checking for style of include used by make
configure:2941: result: GNU
configure:3012: checking for gcc
configure:3028: found /usr/bin/gcc
configure:3039: result: gcc
configure:3268: checking for C compiler version
configure:3277: gcc --version >&5
Apple LLVM version 9.0.0 (clang-900.0.39.2)
Target: x86_64-apple-darwin16.7.0
Thread model: posix
InstalledDir: /Library/Developer/CommandLineTools/usr/bin
Configured with: --prefix=/Library/Developer/CommandLineTools/usr --with-gxx-include-dir=/usr/include/c++/4.2.1
configure:3288: $? = 0
configure:3277: gcc -v >&5
Configured with: --prefix=/Library/Developer/CommandLineTools/usr --with-gxx-include-dir=/usr/include/c++/4.2.1
Apple LLVM version 9.0.0 (clang-900.0.39.2)
Target: x86_64-apple-darwin16.7.0
Thread model: posix
InstalledDir: /Library/Developer/CommandLineTools/usr/bin
configure:3288: $? = 0
configure:3277: gcc -V >&5
clang: error: argument to '-V' is missing (expected 1 value)
clang: error: no input files
configure:3288: $? = 1
configure:3277: gcc -qversion >&5
clang: error: unknown argument: '-qversion'
clang: error: no input files
configure:3288: $? = 1
configure:3308: checking whether the C compiler works
configure:3330: gcc    conftest.c  >&5
configure:3334: $? = 0
configure:3382: result: yes
configure:3385: checking for C compiler default output file name
configure:3387: result: a.out
configure:3393: checking for suffix of executables
configure:3400: gcc -o conftest    conftest.c  >&5
configure:3404: $? = 0
configure:3426: result: 
configure:3448: checking whether we are cross compiling
configure:3456: gcc -o conftest    conftest.c  >&5
configure:3460: $? = 0
configure:3467: ./conftest
configure:3471: $? = 0
configure:3486: result: no
configure:3491: checking for suffix of object files
configure:3513: gcc -c   conftest.c >&5
configure:3517: $? = 0
configure:3538: result: o
configure:3542: checking whether we are using the GNU C compiler
configure:3561: gcc -c   conftest.c >&5
configure:3561: $? = 0
configure:3570: result: yes
configure:3579: checking whether gcc accepts -g
configure:3599: gcc -c -g  conftest.c >&5
configure:3599: $? = 0
configure:3640: result: yes
configure:3657: checking for gcc option to accept ISO C89
configure:3720: gcc  -c -g -O2  conftest.c >&5
configure:3720: $? = 0
configure:3733: result: none needed
configure:3758: checking whether gcc understands -c and -o together
configure:3780: gcc -c conftest.c -o conftest2.o
configure:3783: $? = 0
configure:3780: gcc -c conftest.c -o conftest2.o
configure:3783: $? = 0
configure:3795: result: yes
configure:3814: checking dependency style of gcc
configure:3925: result: gcc3
configure:3948: checking for special C compiler options needed for large files
configure:3993: result: no
configure:3999: checking for _FILE_OFFSET_BITS value needed for large files
configure:4024: gcc -c -g -O2  conftest.c >&5
configure:4024: $? = 0
configure:4056: result: no
configure:4191: checking for gcc
configure:4218: result: gcc
configure:4447: checking for C compiler version
configure:4456: gcc --version >&5
Apple LLVM version 9.0.0 (clang-900.0.39.2)
Target: x86_64-apple-darwin16.7.0
Thread model: posix
InstalledDir: /Library/Developer/CommandLineTools/usr/bin
Configured with: --prefix=/Library/Developer/CommandLineTools/usr --with-gxx-include-dir=/usr/include/c++/4.2.1
configure:4467: $? = 0
configure:4456: gcc -v >&5
Configured with: --prefix=/Library/Developer/CommandLineTools/usr --with-gxx-include-dir=/usr/include/c++/4.2.1
Apple LLVM version 9.0.0 (clang-900.0.39.2)
Target: x86_64-apple-darwin16.7.0
Thread model: posix
InstalledDir: /Library/Developer/CommandLineTools/usr/bin
configure:4467: $? = 0
configure:4456: gcc -V >&5
clang: error: argument to '-V' is missing (expected 1 value)
clang: error: no input files
configure:4467: $? = 1
configure:4456: gcc -qversion >&5
clang: error: unknown argument: '-qversion'
clang: error: no input files
configure:4467: $? = 1
configure:4471: checking whether we are using the GNU C compiler
configure:4499: result: yes
configure:4508: checking whether gcc accepts -g
configure:4569: result: yes
configure:4586: checking for gcc option to accept ISO C89
configure:4662: result: none needed
configure:4687: checking whether gcc understands -c and -o together
configure:4724: result: yes
configure:4743: checking dependency style of gcc
configure:4854: result: gcc3
configure:4898: checking build system type
configure:4912: result: x86_64-apple-darwin16.7.0
configure:4932: checking host system type
configure:4945: result: x86_64-apple-darwin16.7.0
configure:4986: checking how to print strings
configure:5013: result: printf
configure:5034: checking for a sed that does not truncate output
configure:5098: result: /usr/bin/sed
configure:5116: checking for grep that handles long lines and -e
configure:5174: result: /usr/bin/grep
configure:5179: checking for egrep
configure:5241: result: /usr/bin/grep -E
configure:5246: checking for fgrep
configure:5308: result: /usr/bin/grep -F
configure:5343: checking for ld used by gcc
configure:5410: result: /Library/Developer/CommandLineTools/usr/bin/ld
configure:5417: checking if the linker (/Library/Developer/CommandLineTools/usr/bin/ld) is GNU ld
configure:5432: result: no
configure:5444: checking for BSD- or MS-compatible name lister (nm)
configure:5498: result: /usr/bin/nm -B
configure:5628: checking the name lister (/usr/bin/nm -B) interface
configure:5635: gcc -c -g -O2  conftest.c >&5
configure:5638: /usr/bin/nm -B "conftest.o"
configure:5641: output
00000000000001dc S _some_variable
configure:5648: result: BSD nm
configure:5651: checking whether ln -s works
configure:5655: result: yes
configure:5663: checking the maximum length of command line arguments
configure:5794: result: 196608
configure:5842: checking how to convert x86_64-apple-darwin16.7.0 file names to x86_64-apple-darwin16.7.0 format
configure:5882: result: func_convert_file_noop
configure:5889: checking how to convert x86_64-apple-darwin16.7.0 file names to toolchain format
configure:5909: result: func_convert_file_noop
configure:5916: checking for /Library/Developer/CommandLineTools/usr/bin/ld option to reload object files
configure:5923: result: -r
configure:5997: checking for objdump
configure:6013: found /usr/bin/objdump
configure:6024: result: objdump
configure:6056: checking how to recognize dependent libraries
configure:6256: result: pass_all
configure:6341: checking for dlltool
configure:6371: result: no
configure:6401: checking how to associate runtime and link libraries
configure:6428: result: printf %s\n
configure:6488: checking for ar
configure:6504: found /usr/bin/ar
configure:6515: result: ar
configure:6552: checking for archiver @FILE support
configure:6569: gcc -c -g -O2  conftest.c >&5
configure:6569: $? = 0
configure:6572: ar cru libconftest.a @conftest.lst >&5
ar: @conftest.lst: No such file or directory
configure:6575: $? = 1
configure:6595: result: no
configure:6653: checking for strip
configure:6669: found /usr/bin/strip
configure:6680: result: strip
configure:6752: checking for ranlib
configure:6768: found /usr/bin/ranlib
configure:6779: result: ranlib
configure:6881: checking command to parse /usr/bin/nm -B output from gcc object
configure:7034: gcc -c -g -O2  conftest.c >&5
configure:7037: $? = 0
configure:7041: /usr/bin/nm -B conftest.o \| sed -n -e 's/^.*[ ]\([BCDEGRST][BCDEGRST]*\)[ ][ ]*\([_A-Za-z][_A-Za-z0-9]*\)$/\1 \2 \2/p' | sed '/ __gnu_lto/d' \> conftest.nm
configure:7044: $? = 0
cannot find nm_test_var in conftest.nm
configure:7034: gcc -c -g -O2  conftest.c >&5
configure:7037: $? = 0
configure:7041: /usr/bin/nm -B conftest.o \| sed -n -e 's/^.*[ ]\([BCDEGRST][BCDEGRST]*\)[ ][ ]*_\([_A-Za-z][_A-Za-z0-9]*\)$/\1 _\2 \2/p' | sed '/ __gnu_lto/d' \> conftest.nm
configure:7044: $? = 0
configure:7110: gcc -o conftest -g -O2   conftest.c conftstm.o >&5
warning: (x86_64)  could not find object file symbol for symbol _main
configure:7113: $? = 0
configure:7151: result: ok
configure:7198: checking for sysroot
configure:7228: result: no
configure:7235: checking for a working dd
configure:7273: result: /bin/dd
configure:7277: checking how to truncate binary pipes
configure:7292: result: /bin/dd bs=4096 count=1
configure:7621: checking for mt
configure:7651: result: no
configure:7671: checking if : is a manifest tool
configure:7677: : '-?'
configure:7685: result: no
configure:7741: checking for dsymutil
configure:7757: found /usr/bin/dsymutil
configure:7768: result: dsymutil
configure:7833: checking for nmedit
configure:7849: found /usr/bin/nmedit
configure:7860: result: nmedit
configure:7925: checking for lipo
configure:7941: found /usr/bin/lipo
configure:7952: result: lipo
configure:8017: checking for otool
configure:8033: found /usr/bin/otool
configure:8044: result: otool
configure:8109: checking for otool64
configure:8139: result: no
configure:8184: checking for -single_module linker flag
gcc -g -O2  -o libconftest.dylib -dynamiclib -Wl,-single_module conftest.c
configure:8217: result: yes
configure:8220: checking for -exported_symbols_list linker flag
configure:8240: gcc -o conftest -g -O2   -Wl,-exported_symbols_list,conftest.sym conftest.c  >&5
configure:8240: $? = 0
configure:8250: result: yes
configure:8253: checking for -force_load linker flag
gcc -g -O2 -c -o conftest.o conftest.c
ar cru libconftest.a conftest.o
ranlib libconftest.a
gcc -g -O2  -o conftest conftest.c -Wl,-force_load,./libconftest.a
configure:8285: result: yes
configure:8362: checking how to run the C preprocessor
configure:8393: gcc -E  conftest.c
configure:8393: $? = 0
configure:8407: gcc -E  conftest.c
conftest.c:11:10: fatal error: 'ac_nonexistent.h' file not found
#include <ac_nonexistent.h>
         ^~~~~~~~~~~~~~~~~~
1 error generated.
configure:8407: $? = 1
configure: failed program was:
| /* confdefs.h */
| #define PACKAGE_NAME "sqlite"
| #define PACKAGE_TARNAME "sqlite"
| #define PACKAGE_VERSION "3.23.1"
| #define PACKAGE_STRING "sqlite 3.23.1"
| #define PACKAGE_BUGREPORT "http://www.sqlite.org"
| #define PACKAGE_URL ""
| #define PACKAGE "sqlite"
| #define VERSION "3.23.1"
| /* end confdefs.h.  */
| #include <ac_nonexistent.h>
configure:8432: result: gcc -E
configure:8452: gcc -E  conftest.c
configure:8452: $? = 0
configure:8466: gcc -E  conftest.c
conftest.c:11:10: fatal error: 'ac_nonexistent.h' file not found
#include <ac_nonexistent.h>
         ^~~~~~~~~~~~~~~~~~
1 error generated.
configure:8466: $? = 1
configure: failed program was:
| /* confdefs.h */
| #define PACKAGE_NAME "sqlite"
| #define PACKAGE_TARNAME "sqlite"
| #define PACKAGE_VERSION "3.23.1"
| #define PACKAGE_STRING "sqlite 3.23.1"
| #define PACKAGE_BUGREPORT "http://www.sqlite.org"
| #define PACKAGE_URL ""
| #define PACKAGE "sqlite"
| #define VERSION "3.23.1"
| /* end confdefs.h.  */
| #include <ac_nonexistent.h>
configure:8495: checking for ANSI C header files
configure:8515: gcc -c -g -O2  conftest.c >&5
configure:8515: $? = 0
configure:8588: gcc -o conftest -g -O2   conftest.c  >&5
configure:8588: $? = 0
configure:8588: ./conftest
configure:8588: $? = 0
configure:8599: result: yes
configure:8612: checking for sys/types.h
configure:8612: gcc -c -g -O2  conftest.c >&5
configure:8612: $? = 0
configure:8612: result: yes
configure:8612: checking for sys/stat.h
configure:8612: gcc -c -g -O2  conftest.c >&5
configure:8612: $? = 0
configure:8612: result: yes
configure:8612: checking for stdlib.h
configure:8612: gcc -c -g -O2  conftest.c >&5
configure:8612: $? = 0
configure:8612: result: yes
configure:8612: checking for string.h
configure:8612: gcc -c -g -O2  conftest.c >&5
configure:8612: $? = 0
configure:8612: result: yes
configure:8612: checking for memory.h
configure:8612: gcc -c -g -O2  conftest.c >&5
configure:8612: $? = 0
configure:8612: result: yes
configure:8612: checking for strings.h
configure:8612: gcc -c -g -O2  conftest.c >&5
configure:8612: $? = 0
configure:8612: result: yes
configure:8612: checking for inttypes.h
configure:8612: gcc -c -g -O2  conftest.c >&5
configure:8612: $? = 0
configure:8612: result: yes
configure:8612: checking for stdint.h
configure:8612: gcc -c -g -O2  conftest.c >&5
configure:8612: $? = 0
configure:8612: result: yes
configure:8612: checking for unistd.h
configure:8612: gcc -c -g -O2  conftest.c >&5
configure:8612: $? = 0
configure:8612: result: yes
configure:8626: checking for dlfcn.h
configure:8626: gcc -c -g -O2  conftest.c >&5
configure:8626: $? = 0
configure:8626: result: yes
configure:8882: checking for objdir
configure:8897: result: .libs
configure:9157: checking if gcc supports -fno-rtti -fno-exceptions
configure:9175: gcc -c -g -O2  -fno-rtti -fno-exceptions conftest.c >&5
configure:9179: $? = 0
configure:9192: result: yes
configure:9550: checking for gcc option to produce PIC
configure:9557: result: -fno-common -DPIC
configure:9565: checking if gcc PIC flag -fno-common -DPIC works
configure:9583: gcc -c -g -O2  -fno-common -DPIC -DPIC conftest.c >&5
configure:9587: $? = 0
configure:9600: result: yes
configure:9629: checking if gcc static flag -static works
configure:9657: result: no
configure:9672: checking if gcc supports -c -o file.o
configure:9693: gcc -c -g -O2  -o out/conftest2.o conftest.c >&5
configure:9697: $? = 0
configure:9719: result: yes
configure:9727: checking if gcc supports -c -o file.o
configure:9774: result: yes
configure:9807: checking whether the gcc linker (/Library/Developer/CommandLineTools/usr/bin/ld) supports shared libraries
configure:11066: result: yes
configure:11306: checking dynamic linker characteristics
configure:12124: result: darwin16.7.0 dyld
configure:12246: checking how to hardcode library paths into programs
configure:12271: result: immediate
configure:12819: checking whether stripping libraries is possible
configure:12833: result: yes
configure:12859: checking if libtool supports shared libraries
configure:12861: result: yes
configure:12864: checking whether to build shared libraries
configure:12889: result: yes
configure:12892: checking whether to build static libraries
configure:12896: result: yes
configure:12939: checking for fdatasync
configure:12939: gcc -o conftest -g -O2   conftest.c  >&5
configure:12939: $? = 0
configure:12939: result: yes
configure:12939: checking for usleep
configure:12939: gcc -o conftest -g -O2   conftest.c  >&5
configure:12939: $? = 0
configure:12939: result: yes
configure:12939: checking for fullfsync
configure:12939: gcc -o conftest -g -O2   conftest.c  >&5
Undefined symbols for architecture x86_64:
  "_fullfsync", referenced from:
      _main in conftest-940988.o
ld: symbol(s) not found for architecture x86_64
clang: error: linker command failed with exit code 1 (use -v to see invocation)
configure:12939: $? = 1
configure: failed program was:
| /* confdefs.h */
| #define PACKAGE_NAME "sqlite"
| #define PACKAGE_TARNAME "sqlite"
| #define PACKAGE_VERSION "3.23.1"
| #define PACKAGE_STRING "sqlite 3.23.1"
| #define PACKAGE_BUGREPORT "http://www.sqlite.org"
| #define PACKAGE_URL ""
| #define PACKAGE "sqlite"
| #define VERSION "3.23.1"
| #define STDC_HEADERS 1
| #define HAVE_SYS_TYPES_H 1
| #define HAVE_SYS_STAT_H 1
| #define HAVE_STDLIB_H 1
| #define HAVE_STRING_H 1
| #define HAVE_MEMORY_H 1
| #define HAVE_STRINGS_H 1
| #define HAVE_INTTYPES_H 1
| #define HAVE_STDINT_H 1
| #define HAVE_UNISTD_H 1
| #define HAVE_DLFCN_H 1
| #define LT_OBJDIR ".libs/"
| #define HAVE_FDATASYNC 1
| #define HAVE_USLEEP 1
| /* end confdefs.h.  */
| /* Define fullfsync to an innocuous variant, in case <limits.h> declares fullfsync.
|    For example, HP-UX 11i <limits.h> declares gettimeofday.  */
| #define fullfsync innocuous_fullfsync
| 
| /* System header to define __stub macros and hopefully few prototypes,
|     which can conflict with char fullfsync (); below.
|     Prefer <limits.h> to <assert.h> if __STDC__ is defined, since
|     <limits.h> exists even on freestanding compilers.  */
| 
| #ifdef __STDC__
| # include <limits.h>
| #else
| # include <assert.h>
| #endif
| 
| #undef fullfsync
| 
| /* Override any GCC internal prototype to avoid an error.
|    Use char because int might match the return type of a GCC
|    builtin and then its argument prototype would still apply.  */
| #ifdef __cplusplus
| extern "C"
| #endif
| char fullfsync ();
| /* The GNU C library defines this for functions which it implements
|     to always fail with ENOSYS.  Some functions are actually named
|     something starting with __ and the normal name is an alias.  */
| #if defined __stub_fullfsync || defined __stub___fullfsync
| choke me
| #endif
| 
| int
| main ()
| {
| return fullfsync ();
|   ;
|   return 0;
| }
configure:12939: result: no
configure:12939: checking for localtime_r
configure:12939: gcc -o conftest -g -O2   conftest.c  >&5
configure:12939: $? = 0
configure:12939: result: yes
configure:12939: checking for gmtime_r
configure:12939: gcc -o conftest -g -O2   conftest.c  >&5
configure:12939: $? = 0
configure:12939: result: yes
configure:12948: checking whether strerror_r is declared
configure:12948: gcc -c -g -O2  conftest.c >&5
configure:12948: $? = 0
configure:12948: result: yes
configure:12961: checking for strerror_r
configure:12961: gcc -o conftest -g -O2   conftest.c  >&5
configure:12961: $? = 0
configure:12961: result: yes
configure:12970: checking whether strerror_r returns char *
configure:12994: gcc -c -g -O2  conftest.c >&5
conftest.c:67:13: error: indirection requires pointer operand ('int' invalid)
          char x = *strerror_r (0, buf, sizeof buf);
                   ^~~~~~~~~~~~~~~~~~~~~~~~~~~~~~~~
conftest.c:68:10: warning: incompatible integer to pointer conversion initializing 'char *' with an expression of type 'int' [-Wint-conversion]
          char *p = strerror_r (0, buf, sizeof buf);
                ^   ~~~~~~~~~~~~~~~~~~~~~~~~~~~~~~~
1 warning and 1 error generated.
configure:12994: $? = 1
configure: failed program was:
| /* confdefs.h */
| #define PACKAGE_NAME "sqlite"
| #define PACKAGE_TARNAME "sqlite"
| #define PACKAGE_VERSION "3.23.1"
| #define PACKAGE_STRING "sqlite 3.23.1"
| #define PACKAGE_BUGREPORT "http://www.sqlite.org"
| #define PACKAGE_URL ""
| #define PACKAGE "sqlite"
| #define VERSION "3.23.1"
| #define STDC_HEADERS 1
| #define HAVE_SYS_TYPES_H 1
| #define HAVE_SYS_STAT_H 1
| #define HAVE_STDLIB_H 1
| #define HAVE_STRING_H 1
| #define HAVE_MEMORY_H 1
| #define HAVE_STRINGS_H 1
| #define HAVE_INTTYPES_H 1
| #define HAVE_STDINT_H 1
| #define HAVE_UNISTD_H 1
| #define HAVE_DLFCN_H 1
| #define LT_OBJDIR ".libs/"
| #define HAVE_FDATASYNC 1
| #define HAVE_USLEEP 1
| #define HAVE_LOCALTIME_R 1
| #define HAVE_GMTIME_R 1
| #define HAVE_DECL_STRERROR_R 1
| #define HAVE_STRERROR_R 1
| /* end confdefs.h.  */
| #include <stdio.h>
| #ifdef HAVE_SYS_TYPES_H
| # include <sys/types.h>
| #endif
| #ifdef HAVE_SYS_STAT_H
| # include <sys/stat.h>
| #endif
| #ifdef STDC_HEADERS
| # include <stdlib.h>
| # include <stddef.h>
| #else
| # ifdef HAVE_STDLIB_H
| #  include <stdlib.h>
| # endif
| #endif
| #ifdef HAVE_STRING_H
| # if !defined STDC_HEADERS && defined HAVE_MEMORY_H
| #  include <memory.h>
| # endif
| # include <string.h>
| #endif
| #ifdef HAVE_STRINGS_H
| # include <strings.h>
| #endif
| #ifdef HAVE_INTTYPES_H
| # include <inttypes.h>
| #endif
| #ifdef HAVE_STDINT_H
| # include <stdint.h>
| #endif
| #ifdef HAVE_UNISTD_H
| # include <unistd.h>
| #endif
| int
| main ()
| {
| 
| 	  char buf[100];
| 	  char x = *strerror_r (0, buf, sizeof buf);
| 	  char *p = strerror_r (0, buf, sizeof buf);
| 	  return !p || x;
| 
|   ;
|   return 0;
| }
configure:13032: result: no
configure:13076: checking editline/readline.h usability
configure:13076: gcc -c -g -O2  conftest.c >&5
configure:13076: $? = 0
configure:13076: result: yes
configure:13076: checking editline/readline.h presence
configure:13076: gcc -E  conftest.c
configure:13076: $? = 0
configure:13076: result: yes
configure:13076: checking for editline/readline.h
configure:13076: result: yes
configure:13084: checking for library containing readline
configure:13115: gcc -o conftest -g -O2   conftest.c  >&5
Undefined symbols for architecture x86_64:
  "_readline", referenced from:
      _main in conftest-a25db0.o
ld: symbol(s) not found for architecture x86_64
clang: error: linker command failed with exit code 1 (use -v to see invocation)
configure:13115: $? = 1
configure: failed program was:
| /* confdefs.h */
| #define PACKAGE_NAME "sqlite"
| #define PACKAGE_TARNAME "sqlite"
| #define PACKAGE_VERSION "3.23.1"
| #define PACKAGE_STRING "sqlite 3.23.1"
| #define PACKAGE_BUGREPORT "http://www.sqlite.org"
| #define PACKAGE_URL ""
| #define PACKAGE "sqlite"
| #define VERSION "3.23.1"
| #define STDC_HEADERS 1
| #define HAVE_SYS_TYPES_H 1
| #define HAVE_SYS_STAT_H 1
| #define HAVE_STDLIB_H 1
| #define HAVE_STRING_H 1
| #define HAVE_MEMORY_H 1
| #define HAVE_STRINGS_H 1
| #define HAVE_INTTYPES_H 1
| #define HAVE_STDINT_H 1
| #define HAVE_UNISTD_H 1
| #define HAVE_DLFCN_H 1
| #define LT_OBJDIR ".libs/"
| #define HAVE_FDATASYNC 1
| #define HAVE_USLEEP 1
| #define HAVE_LOCALTIME_R 1
| #define HAVE_GMTIME_R 1
| #define HAVE_DECL_STRERROR_R 1
| #define HAVE_STRERROR_R 1
| #define HAVE_EDITLINE_READLINE_H 1
| /* end confdefs.h.  */
| 
| /* Override any GCC internal prototype to avoid an error.
|    Use char because int might match the return type of a GCC
|    builtin and then its argument prototype would still apply.  */
| #ifdef __cplusplus
| extern "C"
| #endif
| char readline ();
| int
| main ()
| {
| return readline ();
|   ;
|   return 0;
| }
configure:13115: gcc -o conftest -g -O2   conftest.c -ledit -ltinfo  >&5
ld: library not found for -ltinfo
clang: error: linker command failed with exit code 1 (use -v to see invocation)
configure:13115: $? = 1
configure: failed program was:
| /* confdefs.h */
| #define PACKAGE_NAME "sqlite"
| #define PACKAGE_TARNAME "sqlite"
| #define PACKAGE_VERSION "3.23.1"
| #define PACKAGE_STRING "sqlite 3.23.1"
| #define PACKAGE_BUGREPORT "http://www.sqlite.org"
| #define PACKAGE_URL ""
| #define PACKAGE "sqlite"
| #define VERSION "3.23.1"
| #define STDC_HEADERS 1
| #define HAVE_SYS_TYPES_H 1
| #define HAVE_SYS_STAT_H 1
| #define HAVE_STDLIB_H 1
| #define HAVE_STRING_H 1
| #define HAVE_MEMORY_H 1
| #define HAVE_STRINGS_H 1
| #define HAVE_INTTYPES_H 1
| #define HAVE_STDINT_H 1
| #define HAVE_UNISTD_H 1
| #define HAVE_DLFCN_H 1
| #define LT_OBJDIR ".libs/"
| #define HAVE_FDATASYNC 1
| #define HAVE_USLEEP 1
| #define HAVE_LOCALTIME_R 1
| #define HAVE_GMTIME_R 1
| #define HAVE_DECL_STRERROR_R 1
| #define HAVE_STRERROR_R 1
| #define HAVE_EDITLINE_READLINE_H 1
| /* end confdefs.h.  */
| 
| /* Override any GCC internal prototype to avoid an error.
|    Use char because int might match the return type of a GCC
|    builtin and then its argument prototype would still apply.  */
| #ifdef __cplusplus
| extern "C"
| #endif
| char readline ();
| int
| main ()
| {
| return readline ();
|   ;
|   return 0;
| }
configure:13132: result: no
configure:13160: checking readline/readline.h usability
configure:13160: gcc -c -g -O2  conftest.c >&5
configure:13160: $? = 0
configure:13160: result: yes
configure:13160: checking readline/readline.h presence
configure:13160: gcc -E  conftest.c
configure:13160: $? = 0
configure:13160: result: yes
configure:13160: checking for readline/readline.h
configure:13160: result: yes
configure:13168: checking for library containing tgetent
configure:13199: gcc -o conftest -g -O2   conftest.c  >&5
Undefined symbols for architecture x86_64:
  "_tgetent", referenced from:
      _main in conftest-43c1b9.o
ld: symbol(s) not found for architecture x86_64
clang: error: linker command failed with exit code 1 (use -v to see invocation)
configure:13199: $? = 1
configure: failed program was:
| /* confdefs.h */
| #define PACKAGE_NAME "sqlite"
| #define PACKAGE_TARNAME "sqlite"
| #define PACKAGE_VERSION "3.23.1"
| #define PACKAGE_STRING "sqlite 3.23.1"
| #define PACKAGE_BUGREPORT "http://www.sqlite.org"
| #define PACKAGE_URL ""
| #define PACKAGE "sqlite"
| #define VERSION "3.23.1"
| #define STDC_HEADERS 1
| #define HAVE_SYS_TYPES_H 1
| #define HAVE_SYS_STAT_H 1
| #define HAVE_STDLIB_H 1
| #define HAVE_STRING_H 1
| #define HAVE_MEMORY_H 1
| #define HAVE_STRINGS_H 1
| #define HAVE_INTTYPES_H 1
| #define HAVE_STDINT_H 1
| #define HAVE_UNISTD_H 1
| #define HAVE_DLFCN_H 1
| #define LT_OBJDIR ".libs/"
| #define HAVE_FDATASYNC 1
| #define HAVE_USLEEP 1
| #define HAVE_LOCALTIME_R 1
| #define HAVE_GMTIME_R 1
| #define HAVE_DECL_STRERROR_R 1
| #define HAVE_STRERROR_R 1
| #define HAVE_EDITLINE_READLINE_H 1
| #define HAVE_READLINE_READLINE_H 1
| /* end confdefs.h.  */
| 
| /* Override any GCC internal prototype to avoid an error.
|    Use char because int might match the return type of a GCC
|    builtin and then its argument prototype would still apply.  */
| #ifdef __cplusplus
| extern "C"
| #endif
| char tgetent ();
| int
| main ()
| {
| return tgetent ();
|   ;
|   return 0;
| }
configure:13199: gcc -o conftest -g -O2   conftest.c -ltermcap   >&5
configure:13199: $? = 0
configure:13216: result: -ltermcap
configure:13224: checking for library containing readline
configure:13255: gcc -o conftest -g -O2   conftest.c -ltermcap  >&5
Undefined symbols for architecture x86_64:
  "_readline", referenced from:
      _main in conftest-c1d13d.o
ld: symbol(s) not found for architecture x86_64
clang: error: linker command failed with exit code 1 (use -v to see invocation)
configure:13255: $? = 1
configure: failed program was:
| /* confdefs.h */
| #define PACKAGE_NAME "sqlite"
| #define PACKAGE_TARNAME "sqlite"
| #define PACKAGE_VERSION "3.23.1"
| #define PACKAGE_STRING "sqlite 3.23.1"
| #define PACKAGE_BUGREPORT "http://www.sqlite.org"
| #define PACKAGE_URL ""
| #define PACKAGE "sqlite"
| #define VERSION "3.23.1"
| #define STDC_HEADERS 1
| #define HAVE_SYS_TYPES_H 1
| #define HAVE_SYS_STAT_H 1
| #define HAVE_STDLIB_H 1
| #define HAVE_STRING_H 1
| #define HAVE_MEMORY_H 1
| #define HAVE_STRINGS_H 1
| #define HAVE_INTTYPES_H 1
| #define HAVE_STDINT_H 1
| #define HAVE_UNISTD_H 1
| #define HAVE_DLFCN_H 1
| #define LT_OBJDIR ".libs/"
| #define HAVE_FDATASYNC 1
| #define HAVE_USLEEP 1
| #define HAVE_LOCALTIME_R 1
| #define HAVE_GMTIME_R 1
| #define HAVE_DECL_STRERROR_R 1
| #define HAVE_STRERROR_R 1
| #define HAVE_EDITLINE_READLINE_H 1
| #define HAVE_READLINE_READLINE_H 1
| /* end confdefs.h.  */
| 
| /* Override any GCC internal prototype to avoid an error.
|    Use char because int might match the return type of a GCC
|    builtin and then its argument prototype would still apply.  */
| #ifdef __cplusplus
| extern "C"
| #endif
| char readline ();
| int
| main ()
| {
| return readline ();
|   ;
|   return 0;
| }
configure:13255: gcc -o conftest -g -O2   conftest.c -lreadline  -ltermcap  >&5
configure:13255: $? = 0
configure:13272: result: -lreadline
configure:13310: checking for library containing pthread_create
configure:13341: gcc -o conftest -g -O2   conftest.c  >&5
configure:13341: $? = 0
configure:13358: result: none required
configure:13366: checking for library containing pthread_mutexattr_init
configure:13397: gcc -o conftest -g -O2   conftest.c  >&5
configure:13397: $? = 0
configure:13414: result: none required
configure:13437: checking for library containing dlopen
configure:13468: gcc -o conftest -g -O2   conftest.c  >&5
configure:13468: $? = 0
configure:13485: result: none required
configure:13496: checking for whether to support dynamic extensions
configure:13498: result: yes
configure:13627: checking for posix_fallocate
configure:13627: gcc -o conftest -g -O2   conftest.c  >&5
Undefined symbols for architecture x86_64:
  "_posix_fallocate", referenced from:
      _main in conftest-346ddd.o
ld: symbol(s) not found for architecture x86_64
clang: error: linker command failed with exit code 1 (use -v to see invocation)
configure:13627: $? = 1
configure: failed program was:
| /* confdefs.h */
| #define PACKAGE_NAME "sqlite"
| #define PACKAGE_TARNAME "sqlite"
| #define PACKAGE_VERSION "3.23.1"
| #define PACKAGE_STRING "sqlite 3.23.1"
| #define PACKAGE_BUGREPORT "http://www.sqlite.org"
| #define PACKAGE_URL ""
| #define PACKAGE "sqlite"
| #define VERSION "3.23.1"
| #define STDC_HEADERS 1
| #define HAVE_SYS_TYPES_H 1
| #define HAVE_SYS_STAT_H 1
| #define HAVE_STDLIB_H 1
| #define HAVE_STRING_H 1
| #define HAVE_MEMORY_H 1
| #define HAVE_STRINGS_H 1
| #define HAVE_INTTYPES_H 1
| #define HAVE_STDINT_H 1
| #define HAVE_UNISTD_H 1
| #define HAVE_DLFCN_H 1
| #define LT_OBJDIR ".libs/"
| #define HAVE_FDATASYNC 1
| #define HAVE_USLEEP 1
| #define HAVE_LOCALTIME_R 1
| #define HAVE_GMTIME_R 1
| #define HAVE_DECL_STRERROR_R 1
| #define HAVE_STRERROR_R 1
| #define HAVE_EDITLINE_READLINE_H 1
| #define HAVE_READLINE_READLINE_H 1
| #define HAVE_READLINE 1
| /* end confdefs.h.  */
| /* Define posix_fallocate to an innocuous variant, in case <limits.h> declares posix_fallocate.
|    For example, HP-UX 11i <limits.h> declares gettimeofday.  */
| #define posix_fallocate innocuous_posix_fallocate
| 
| /* System header to define __stub macros and hopefully few prototypes,
|     which can conflict with char posix_fallocate (); below.
|     Prefer <limits.h> to <assert.h> if __STDC__ is defined, since
|     <limits.h> exists even on freestanding compilers.  */
| 
| #ifdef __STDC__
| # include <limits.h>
| #else
| # include <assert.h>
| #endif
| 
| #undef posix_fallocate
| 
| /* Override any GCC internal prototype to avoid an error.
|    Use char because int might match the return type of a GCC
|    builtin and then its argument prototype would still apply.  */
| #ifdef __cplusplus
| extern "C"
| #endif
| char posix_fallocate ();
| /* The GNU C library defines this for functions which it implements
|     to always fail with ENOSYS.  Some functions are actually named
|     something starting with __ and the normal name is an alias.  */
| #if defined __stub_posix_fallocate || defined __stub___posix_fallocate
| choke me
| #endif
| 
| int
| main ()
| {
| return posix_fallocate ();
|   ;
|   return 0;
| }
configure:13627: result: no
configure:13638: checking zlib.h usability
configure:13638: gcc -c -g -O2  conftest.c >&5
configure:13638: $? = 0
configure:13638: result: yes
configure:13638: checking zlib.h presence
configure:13638: gcc -E  conftest.c
configure:13638: $? = 0
configure:13638: result: yes
configure:13638: checking for zlib.h
configure:13638: result: yes
configure:13644: checking for library containing deflate
configure:13675: gcc -o conftest -g -O2   conftest.c  >&5
Undefined symbols for architecture x86_64:
  "_deflate", referenced from:
      _main in conftest-aab094.o
ld: symbol(s) not found for architecture x86_64
clang: error: linker command failed with exit code 1 (use -v to see invocation)
configure:13675: $? = 1
configure: failed program was:
| /* confdefs.h */
| #define PACKAGE_NAME "sqlite"
| #define PACKAGE_TARNAME "sqlite"
| #define PACKAGE_VERSION "3.23.1"
| #define PACKAGE_STRING "sqlite 3.23.1"
| #define PACKAGE_BUGREPORT "http://www.sqlite.org"
| #define PACKAGE_URL ""
| #define PACKAGE "sqlite"
| #define VERSION "3.23.1"
| #define STDC_HEADERS 1
| #define HAVE_SYS_TYPES_H 1
| #define HAVE_SYS_STAT_H 1
| #define HAVE_STDLIB_H 1
| #define HAVE_STRING_H 1
| #define HAVE_MEMORY_H 1
| #define HAVE_STRINGS_H 1
| #define HAVE_INTTYPES_H 1
| #define HAVE_STDINT_H 1
| #define HAVE_UNISTD_H 1
| #define HAVE_DLFCN_H 1
| #define LT_OBJDIR ".libs/"
| #define HAVE_FDATASYNC 1
| #define HAVE_USLEEP 1
| #define HAVE_LOCALTIME_R 1
| #define HAVE_GMTIME_R 1
| #define HAVE_DECL_STRERROR_R 1
| #define HAVE_STRERROR_R 1
| #define HAVE_EDITLINE_READLINE_H 1
| #define HAVE_READLINE_READLINE_H 1
| #define HAVE_READLINE 1
| #define HAVE_ZLIB_H 1
| /* end confdefs.h.  */
| 
| /* Override any GCC internal prototype to avoid an error.
|    Use char because int might match the return type of a GCC
|    builtin and then its argument prototype would still apply.  */
| #ifdef __cplusplus
| extern "C"
| #endif
| char deflate ();
| int
| main ()
| {
| return deflate ();
|   ;
|   return 0;
| }
configure:13675: gcc -o conftest -g -O2   conftest.c -lz   >&5
configure:13675: $? = 0
configure:13692: result: -lz
configure:13707: checking for library containing system
configure:13738: gcc -o conftest -g -O2   conftest.c -lz  >&5
configure:13738: $? = 0
configure:13755: result: none required
configure:13937: checking that generated files are newer than configure
configure:13943: result: done
configure:13970: creating ./config.status

## ---------------------- ##
## Running config.status. ##
## ---------------------- ##

This file was extended by sqlite config.status 3.23.1, which was
generated by GNU Autoconf 2.69.  Invocation command line was

  CONFIG_FILES    = 
  CONFIG_HEADERS  = 
  CONFIG_LINKS    = 
  CONFIG_COMMANDS = 
  $ ./config.status 

on Tohirs-MacBook-Pro.local

config.status:1015: creating Makefile
config.status:1015: creating sqlite3.pc
config.status:1187: executing depfiles commands
config.status:1187: executing libtool commands

## ---------------- ##
## Cache variables. ##
## ---------------- ##

ac_cv_build=x86_64-apple-darwin16.7.0
ac_cv_c_compiler_gnu=yes
ac_cv_env_CC_set=
ac_cv_env_CC_value=
ac_cv_env_CFLAGS_set=
ac_cv_env_CFLAGS_value=
ac_cv_env_CPPFLAGS_set=
ac_cv_env_CPPFLAGS_value=
ac_cv_env_CPP_set=
ac_cv_env_CPP_value=
ac_cv_env_LDFLAGS_set=
ac_cv_env_LDFLAGS_value=
ac_cv_env_LIBS_set=
ac_cv_env_LIBS_value=
ac_cv_env_LT_SYS_LIBRARY_PATH_set=
ac_cv_env_LT_SYS_LIBRARY_PATH_value=
ac_cv_env_build_alias_set=
ac_cv_env_build_alias_value=
ac_cv_env_host_alias_set=
ac_cv_env_host_alias_value=
ac_cv_env_target_alias_set=
ac_cv_env_target_alias_value=
ac_cv_func_fdatasync=yes
ac_cv_func_fullfsync=no
ac_cv_func_gmtime_r=yes
ac_cv_func_localtime_r=yes
ac_cv_func_posix_fallocate=no
ac_cv_func_strerror_r=yes
ac_cv_func_strerror_r_char_p=no
ac_cv_func_usleep=yes
ac_cv_have_decl_strerror_r=yes
ac_cv_header_dlfcn_h=yes
ac_cv_header_editline_readline_h=yes
ac_cv_header_inttypes_h=yes
ac_cv_header_memory_h=yes
ac_cv_header_readline_readline_h=yes
ac_cv_header_stdc=yes
ac_cv_header_stdint_h=yes
ac_cv_header_stdlib_h=yes
ac_cv_header_string_h=yes
ac_cv_header_strings_h=yes
ac_cv_header_sys_stat_h=yes
ac_cv_header_sys_types_h=yes
ac_cv_header_unistd_h=yes
ac_cv_header_zlib_h=yes
ac_cv_host=x86_64-apple-darwin16.7.0
ac_cv_objext=o
ac_cv_path_EGREP='/usr/bin/grep -E'
ac_cv_path_FGREP='/usr/bin/grep -F'
ac_cv_path_GREP=/usr/bin/grep
ac_cv_path_SED=/usr/bin/sed
ac_cv_path_install='/usr/bin/install -c'
ac_cv_path_lt_DD=/bin/dd
ac_cv_prog_AWK=awk
ac_cv_prog_CPP='gcc -E'
ac_cv_prog_ac_ct_AR=ar
ac_cv_prog_ac_ct_CC=gcc
ac_cv_prog_ac_ct_DSYMUTIL=dsymutil
ac_cv_prog_ac_ct_LIPO=lipo
ac_cv_prog_ac_ct_NMEDIT=nmedit
ac_cv_prog_ac_ct_OBJDUMP=objdump
ac_cv_prog_ac_ct_OTOOL=otool
ac_cv_prog_ac_ct_RANLIB=ranlib
ac_cv_prog_ac_ct_STRIP=strip
ac_cv_prog_cc_c89=
ac_cv_prog_cc_g=yes
ac_cv_prog_make_make_set=yes
ac_cv_search_deflate=-lz
ac_cv_search_dlopen='none required'
ac_cv_search_pthread_create='none required'
ac_cv_search_pthread_mutexattr_init='none required'
ac_cv_search_readline=-lreadline
ac_cv_search_system='none required'
ac_cv_search_tgetent=-ltermcap
ac_cv_sys_file_offset_bits=no
ac_cv_sys_largefile_CC=no
am_cv_CC_dependencies_compiler_type=gcc3
am_cv_make_support_nested_variables=yes
am_cv_prog_cc_c_o=yes
lt_cv_apple_cc_single_mod=yes
lt_cv_ar_at_file=no
lt_cv_deplibs_check_method=pass_all
lt_cv_file_magic_cmd='$MAGIC_CMD'
lt_cv_file_magic_test_file=
lt_cv_ld_exported_symbols_list=yes
lt_cv_ld_force_load=yes
lt_cv_ld_reload_flag=-r
lt_cv_nm_interface='BSD nm'
lt_cv_objdir=.libs
lt_cv_path_LD=/Library/Developer/CommandLineTools/usr/bin/ld
lt_cv_path_NM='/usr/bin/nm -B'
lt_cv_path_mainfest_tool=no
lt_cv_prog_compiler_c_o=yes
lt_cv_prog_compiler_pic='-fno-common -DPIC'
lt_cv_prog_compiler_pic_works=yes
lt_cv_prog_compiler_rtti_exceptions=yes
lt_cv_prog_compiler_static_works=no
lt_cv_prog_gnu_ld=no
lt_cv_sharedlib_from_linklib_cmd='printf %s\n'
lt_cv_sys_global_symbol_pipe='sed -n -e '\''s/^.*[	 ]\([BCDEGRST][BCDEGRST]*\)[	 ][	 ]*_\([_A-Za-z][_A-Za-z0-9]*\)$/\1 _\2 \2/p'\'' | sed '\''/ __gnu_lto/d'\'''
lt_cv_sys_global_symbol_to_c_name_address='sed -n -e '\''s/^: \(.*\) .*$/  {"\1", (void *) 0},/p'\'' -e '\''s/^[BCDEGRST][BCDEGRST]* .* \(.*\)$/  {"\1", (void *) \&\1},/p'\'''
lt_cv_sys_global_symbol_to_c_name_address_lib_prefix='sed -n -e '\''s/^: \(.*\) .*$/  {"\1", (void *) 0},/p'\'' -e '\''s/^[BCDEGRST][BCDEGRST]* .* \(lib.*\)$/  {"\1", (void *) \&\1},/p'\'' -e '\''s/^[BCDEGRST][BCDEGRST]* .* \(.*\)$/  {"lib\1", (void *) \&\1},/p'\'''
lt_cv_sys_global_symbol_to_cdecl='sed -n -e '\''s/^T .* \(.*\)$/extern int \1();/p'\'' -e '\''s/^[BCDEGRST][BCDEGRST]* .* \(.*\)$/extern char \1;/p'\'''
lt_cv_sys_global_symbol_to_import=
lt_cv_sys_max_cmd_len=196608
lt_cv_to_host_file_cmd=func_convert_file_noop
lt_cv_to_tool_file_cmd=func_convert_file_noop
lt_cv_truncate_bin='/bin/dd bs=4096 count=1'

## ----------------- ##
## Output variables. ##
## ----------------- ##

ACLOCAL='${SHELL} /Users/tohir/Downloads/sqlite-autoconf-3230100/missing aclocal-1.15'
AMDEPBACKSLASH='\'
AMDEP_FALSE='#'
AMDEP_TRUE=''
AMTAR='$${TAR-tar}'
AM_BACKSLASH='\'
AM_DEFAULT_V='$(AM_DEFAULT_VERBOSITY)'
AM_DEFAULT_VERBOSITY='1'
AM_V='$(V)'
AR='ar'
AUTOCONF='${SHELL} /Users/tohir/Downloads/sqlite-autoconf-3230100/missing autoconf'
AUTOHEADER='${SHELL} /Users/tohir/Downloads/sqlite-autoconf-3230100/missing autoheader'
AUTOMAKE='${SHELL} /Users/tohir/Downloads/sqlite-autoconf-3230100/missing automake-1.15'
AWK='awk'
BUILD_CFLAGS=''
CC='gcc'
CCDEPMODE='depmode=gcc3'
CFLAGS='-g -O2'
CPP='gcc -E'
CPPFLAGS=''
CYGPATH_W='echo'
DEFS='-DPACKAGE_NAME=\"sqlite\" -DPACKAGE_TARNAME=\"sqlite\" -DPACKAGE_VERSION=\"3.23.1\" -DPACKAGE_STRING=\"sqlite\ 3.23.1\" -DPACKAGE_BUGREPORT=\"http://www.sqlite.org\" -DPACKAGE_URL=\"\" -DPACKAGE=\"sqlite\" -DVERSION=\"3.23.1\" -DSTDC_HEADERS=1 -DHAVE_SYS_TYPES_H=1 -DHAVE_SYS_STAT_H=1 -DHAVE_STDLIB_H=1 -DHAVE_STRING_H=1 -DHAVE_MEMORY_H=1 -DHAVE_STRINGS_H=1 -DHAVE_INTTYPES_H=1 -DHAVE_STDINT_H=1 -DHAVE_UNISTD_H=1 -DHAVE_DLFCN_H=1 -DLT_OBJDIR=\".libs/\" -DHAVE_FDATASYNC=1 -DHAVE_USLEEP=1 -DHAVE_LOCALTIME_R=1 -DHAVE_GMTIME_R=1 -DHAVE_DECL_STRERROR_R=1 -DHAVE_STRERROR_R=1 -DHAVE_EDITLINE_READLINE_H=1 -DHAVE_READLINE_READLINE_H=1 -DHAVE_READLINE=1 -DHAVE_ZLIB_H=1'
DEPDIR='.deps'
DLLTOOL='false'
DSYMUTIL='dsymutil'
DUMPBIN=''
DYNAMIC_EXTENSION_FLAGS=''
ECHO_C='\c'
ECHO_N=''
ECHO_T=''
EGREP='/usr/bin/grep -E'
EXEEXT=''
EXTRA_SHELL_OBJ='sqlite3-sqlite3.o'
FGREP='/usr/bin/grep -F'
FTS5_FLAGS=''
GREP='/usr/bin/grep'
INSTALL_DATA='${INSTALL} -m 644'
INSTALL_PROGRAM='${INSTALL}'
INSTALL_SCRIPT='${INSTALL}'
INSTALL_STRIP_PROGRAM='$(install_sh) -c -s'
JSON1_FLAGS=''
LD='/Library/Developer/CommandLineTools/usr/bin/ld'
LDFLAGS=''
LIBOBJS=''
LIBS='-lz '
LIBTOOL='$(SHELL) $(top_builddir)/libtool'
LIPO='lipo'
LN_S='ln -s'
LTLIBOBJS=''
LT_SYS_LIBRARY_PATH=''
MAKEINFO='${SHELL} /Users/tohir/Downloads/sqlite-autoconf-3230100/missing makeinfo'
MANIFEST_TOOL=':'
MKDIR_P='./install-sh -c -d'
NM='/usr/bin/nm -B'
NMEDIT='nmedit'
OBJDUMP='objdump'
OBJEXT='o'
OTOOL64=':'
OTOOL='otool'
PACKAGE='sqlite'
PACKAGE_BUGREPORT='http://www.sqlite.org'
PACKAGE_NAME='sqlite'
PACKAGE_STRING='sqlite 3.23.1'
PACKAGE_TARNAME='sqlite'
PACKAGE_URL=''
PACKAGE_VERSION='3.23.1'
PATH_SEPARATOR=':'
RANLIB='ranlib'
READLINE_LIBS='-lreadline -ltermcap '
SED='/usr/bin/sed'
SESSION_FLAGS=''
SET_MAKE=''
SHELL='/bin/sh'
SHELL_CFLAGS=''
STRIP='strip'
THREADSAFE_FLAGS='-D_REENTRANT=1 -DSQLITE_THREADSAFE=1'
VERSION='3.23.1'
ZLIB_FLAGS='-DSQLITE_HAVE_ZLIB'
ac_ct_AR='ar'
ac_ct_CC='gcc'
ac_ct_DUMPBIN=''
am__EXEEXT_FALSE=''
am__EXEEXT_TRUE='#'
am__fastdepCC_FALSE='#'
am__fastdepCC_TRUE=''
am__include='include'
am__isrc=''
am__leading_dot='.'
am__nodep='_no'
am__quote=''
am__tar='$${TAR-tar} chof - "$$tardir"'
am__untar='$${TAR-tar} xf -'
bindir='${exec_prefix}/bin'
build='x86_64-apple-darwin16.7.0'
build_alias=''
build_cpu='x86_64'
build_os='darwin16.7.0'
build_vendor='apple'
datadir='${datarootdir}'
datarootdir='${prefix}/share'
docdir='${datarootdir}/doc/${PACKAGE_TARNAME}'
dvidir='${docdir}'
exec_prefix='${prefix}'
host='x86_64-apple-darwin16.7.0'
host_alias=''
host_cpu='x86_64'
host_os='darwin16.7.0'
host_vendor='apple'
htmldir='${docdir}'
includedir='${prefix}/include'
infodir='${datarootdir}/info'
install_sh='${SHELL} /Users/tohir/Downloads/sqlite-autoconf-3230100/install-sh'
libdir='${exec_prefix}/lib'
libexecdir='${exec_prefix}/libexec'
localedir='${datarootdir}/locale'
localstatedir='${prefix}/var'
mandir='${datarootdir}/man'
mkdir_p='$(MKDIR_P)'
oldincludedir='/usr/include'
pdfdir='${docdir}'
prefix='/usr/local'
program_transform_name='s,x,x,'
psdir='${docdir}'
sbindir='${exec_prefix}/sbin'
sharedstatedir='${prefix}/com'
sysconfdir='${prefix}/etc'
target_alias=''

## ----------- ##
## confdefs.h. ##
## ----------- ##

/* confdefs.h */
#define PACKAGE_NAME "sqlite"
#define PACKAGE_TARNAME "sqlite"
#define PACKAGE_VERSION "3.23.1"
#define PACKAGE_STRING "sqlite 3.23.1"
#define PACKAGE_BUGREPORT "http://www.sqlite.org"
#define PACKAGE_URL ""
#define PACKAGE "sqlite"
#define VERSION "3.23.1"
#define STDC_HEADERS 1
#define HAVE_SYS_TYPES_H 1
#define HAVE_SYS_STAT_H 1
#define HAVE_STDLIB_H 1
#define HAVE_STRING_H 1
#define HAVE_MEMORY_H 1
#define HAVE_STRINGS_H 1
#define HAVE_INTTYPES_H 1
#define HAVE_STDINT_H 1
#define HAVE_UNISTD_H 1
#define HAVE_DLFCN_H 1
#define LT_OBJDIR ".libs/"
#define HAVE_FDATASYNC 1
#define HAVE_USLEEP 1
#define HAVE_LOCALTIME_R 1
#define HAVE_GMTIME_R 1
#define HAVE_DECL_STRERROR_R 1
#define HAVE_STRERROR_R 1
#define HAVE_EDITLINE_READLINE_H 1
#define HAVE_READLINE_READLINE_H 1
#define HAVE_READLINE 1
#define HAVE_ZLIB_H 1

configure: exit 0
